<?xml version="1.0" encoding="UTF-8"?>
<!-- Generated by org.testng.reporters.JUnitXMLReporter -->
<testsuite hostname="LAPTOP-52ETPP1N" ignored="0" name="Command line test" tests="3" failures="2" timestamp="03 Sep 2021 01:53:02 GMT" time="8.074" errors="0">
  <testcase name="validUserShouldBeAbleToSeeNewCategory" time="3.958" classname="test.AddCategoryTest"/>
  <testcase name="validUserDueDateDropdownHaveAllMonths" time="2.033" classname="test.MonthDropdownTest">
    <failure type="java.lang.AssertionError" message="lists don&amp;apos;t have the same size expected [12] but found [1]">
      <![CDATA[java.lang.AssertionError: lists don't have the same size expected [12] but found [1]
	at page.MonthDropdownPage.validateTheMonthDropdownHasAllTheMonths(MonthDropdownPage.java:47)
	at test.MonthDropdownTest.validUserDueDateDropdownHaveAllMonths(MonthDropdownTest.java:21)
... Removed 42 stack frames]]>
    </failure>
  </testcase> <!-- validUserDueDateDropdownHaveAllMonths -->
  <testcase name="validNewCategoryIsAdd" time="2.067" classname="test.ValidateNewCategoryIsAddedTest">
    <failure type="java.lang.AssertionError" message="expected [LowHeat] but found [avc]">
      <![CDATA[java.lang.AssertionError: expected [LowHeat] but found [avc]
	at page.ValidateAddedcategory.categoryIsAdded(ValidateAddedcategory.java:31)
	at test.ValidateNewCategoryIsAddedTest.validNewCategoryIsAdd(ValidateNewCategoryIsAddedTest.java:20)
... Removed 41 stack frames]]>
    </failure>
  </testcase> <!-- validNewCategoryIsAdd -->
</testsuite> <!-- Command line test -->
