<?xml version="1.0" encoding="UTF-8" ?>
<testsuite tests="3" failures="2" name="TestSuite" time="8.059" errors="0" skipped="0">
  <properties>
[...]
</properties>
  <testcase classname="test.AddCategoryTest" name="validUserShouldBeAbleToSeeNewCategory" time="3.96"/>
  <testcase classname="test.MonthDropdownTest" name="validUserDueDateDropdownHaveAllMonths" time="2.033">
    <failure message="lists don&apos;t have the same size expected [12] but found [1]" type="java.lang.AssertionError">java.lang.AssertionError: lists don&apos;t have the same size expected [12] but found [1]
	at org.testng.Assert.fail(Assert.java:93)
	at org.testng.Assert.failNotEquals(Assert.java:512)
	at org.testng.Assert.assertEqualsImpl(Assert.java:134)
	at org.testng.Assert.assertEquals(Assert.java:115)
	at org.testng.Assert.assertEquals(Assert.java:388)
	at org.testng.Assert.assertEquals(Assert.java:555)
	at org.testng.Assert.assertEquals(Assert.java:532)
	at page.MonthDropdownPage.validateTheMonthDropdownHasAllTheMonths(MonthDropdownPage.java:47)
	at test.MonthDropdownTest.validUserDueDateDropdownHaveAllMonths(MonthDropdownTest.java:21)
</failure>
    <system-err>Starting ChromeDriver 92.0.4515.107 (87a818b10553a07434ea9e2b6dccf3cbe7895134-refs/branch-heads/4515@{#1634}) on port 9356
Only local connections are allowed.
Please see https://chromedriver.chromium.org/security-considerations for suggestions on keeping ChromeDriver safe.
ChromeDriver was started successfully.
[1630633979.748][WARNING]: This version of ChromeDriver has not been tested with Chrome version 93.
Sep 02, 2021 2:52:59 PM org.openqa.selenium.remote.ProtocolHandshake createSession
INFO: Detected dialect: W3C
</system-err>
  </testcase>
  <testcase classname="test.ValidateNewCategoryIsAddedTest" name="validNewCategoryIsAdd" time="2.066">
    <failure message="expected [LowHeat] but found [avc]" type="java.lang.AssertionError">java.lang.AssertionError: expected [LowHeat] but found [avc]
	at org.testng.Assert.fail(Assert.java:93)
	at org.testng.Assert.failNotEquals(Assert.java:512)
	at org.testng.Assert.assertEqualsImpl(Assert.java:134)
	at org.testng.Assert.assertEquals(Assert.java:115)
	at org.testng.Assert.assertEquals(Assert.java:189)
	at org.testng.Assert.assertEquals(Assert.java:199)
	at page.ValidateAddedcategory.categoryIsAdded(ValidateAddedcategory.java:31)
	at test.ValidateNewCategoryIsAddedTest.validNewCategoryIsAdd(ValidateNewCategoryIsAddedTest.java:20)
</failure>
    <system-err>Starting ChromeDriver 92.0.4515.107 (87a818b10553a07434ea9e2b6dccf3cbe7895134-refs/branch-heads/4515@{#1634}) on port 41997
Only local connections are allowed.
Please see https://chromedriver.chromium.org/security-considerations for suggestions on keeping ChromeDriver safe.
ChromeDriver was started successfully.
[1630633981.782][WARNING]: This version of ChromeDriver has not been tested with Chrome version 93.
Sep 02, 2021 2:53:01 PM org.openqa.selenium.remote.ProtocolHandshake createSession
INFO: Detected dialect: W3C
</system-err>
  </testcase>
</testsuite>